Added Component: Designator=C1(CAPC2013X145X50ML20T20)
Add component (AddParameter): Name = "Manufacturer"; Value = "Vitramon"; VariantName = "[No Variations]"
Add component (AddParameter): Name = "Part Number"; Value = "VJ0805V475ZXQTW1BC"; VariantName = "[No Variations]"
Added Component: Designator=C2(CAPC1005X56X25LL10T15)
Add component (AddParameter): Name = "Manufacturer"; Value = "AVX Interconnect / Elco"; VariantName = "[No Variations]"
Add component (AddParameter): Name = "Part Number"; Value = "0402ZD104JAT2A"; VariantName = "[No Variations]"
Added Component: Designator=C3(CAPC2013X145X50ML20T20)
Add component (AddParameter): Name = "Manufacturer"; Value = "Vitramon"; VariantName = "[No Variations]"
Add component (AddParameter): Name = "Part Number"; Value = "VJ0805V475ZXQTW1BC"; VariantName = "[No Variations]"
Added Component: Designator=C4(CAPC2013X145X50ML20T20)
Add component (AddParameter): Name = "Manufacturer"; Value = "Vitramon"; VariantName = "[No Variations]"
Add component (AddParameter): Name = "Part Number"; Value = "VJ0805V475ZXQTW1BC"; VariantName = "[No Variations]"
Added Component: Designator=C5(CAPC1005X56X25LL10T15)
Add component (AddParameter): Name = "Manufacturer"; Value = "AVX Interconnect / Elco"; VariantName = "[No Variations]"
Add component (AddParameter): Name = "Part Number"; Value = "0402ZD104JAT2A"; VariantName = "[No Variations]"
Added Component: Designator=C6(CAPC1005X56X25LL10T15)
Add component (AddParameter): Name = "Manufacturer"; Value = "AVX Interconnect / Elco"; VariantName = "[No Variations]"
Add component (AddParameter): Name = "Part Number"; Value = "0402ZD104JAT2A"; VariantName = "[No Variations]"
Added Component: Designator=C7(CAPC1005X56X25LL10T15)
Add component (AddParameter): Name = "Manufacturer"; Value = "AVX Interconnect / Elco"; VariantName = "[No Variations]"
Add component (AddParameter): Name = "Part Number"; Value = "0402ZD104JAT2A"; VariantName = "[No Variations]"
Added Component: Designator=C8(CAPC1005X56X25LL10T15)
Add component (AddParameter): Name = "Manufacturer"; Value = "AVX Interconnect / Elco"; VariantName = "[No Variations]"
Add component (AddParameter): Name = "Part Number"; Value = "0402ZD104JAT2A"; VariantName = "[No Variations]"
Added Component: Designator=C9(CAPC1005X56X25LL10T15)
Add component (AddParameter): Name = "Manufacturer"; Value = "AVX Interconnect / Elco"; VariantName = "[No Variations]"
Add component (AddParameter): Name = "Part Number"; Value = "0402ZD104JAT2A"; VariantName = "[No Variations]"
Added Component: Designator=C10(CAPC1005X56X25LL10T15)
Add component (AddParameter): Name = "Manufacturer"; Value = "AVX Interconnect / Elco"; VariantName = "[No Variations]"
Add component (AddParameter): Name = "Part Number"; Value = "0402ZD104JAT2A"; VariantName = "[No Variations]"
Added Component: Designator=C11(CAPC1005X56X25LL10T15)
Add component (AddParameter): Name = "Manufacturer"; Value = "AVX Interconnect / Elco"; VariantName = "[No Variations]"
Add component (AddParameter): Name = "Part Number"; Value = "0402ZD104JAT2A"; VariantName = "[No Variations]"
Added Component: Designator=C12(CAPC1005X56X25LL10T15)
Add component (AddParameter): Name = "Manufacturer"; Value = "AVX Interconnect / Elco"; VariantName = "[No Variations]"
Add component (AddParameter): Name = "Part Number"; Value = "0402ZD104JAT2A"; VariantName = "[No Variations]"
Added Component: Designator=C13(CAPC1005X56X25LL10T15)
Add component (AddParameter): Name = "Manufacturer"; Value = "AVX Interconnect / Elco"; VariantName = "[No Variations]"
Add component (AddParameter): Name = "Part Number"; Value = "0402ZD104JAT2A"; VariantName = "[No Variations]"
Added Component: Designator=C14(CAPC1005X56X25LL10T15)
Add component (AddParameter): Name = "Manufacturer"; Value = "AVX Interconnect / Elco"; VariantName = "[No Variations]"
Add component (AddParameter): Name = "Part Number"; Value = "0402ZD104JAT2A"; VariantName = "[No Variations]"
Added Component: Designator=C15(CAPC1005X56X25LL10T15)
Add component (AddParameter): Name = "Manufacturer"; Value = "AVX Interconnect / Elco"; VariantName = "[No Variations]"
Add component (AddParameter): Name = "Part Number"; Value = "0402ZD104JAT2A"; VariantName = "[No Variations]"
Added Component: Designator=C16(CAPC1005X56X25LL10T15)
Add component (AddParameter): Name = "Manufacturer"; Value = "AVX Interconnect / Elco"; VariantName = "[No Variations]"
Add component (AddParameter): Name = "Part Number"; Value = "0402ZD104JAT2A"; VariantName = "[No Variations]"
Added Component: Designator=C17(CAPC1005X56X25LL10T15)
Add component (AddParameter): Name = "Manufacturer"; Value = "AVX Interconnect / Elco"; VariantName = "[No Variations]"
Add component (AddParameter): Name = "Part Number"; Value = "0402ZD104JAT2A"; VariantName = "[No Variations]"
Added Component: Designator=C18(CAPC1005X56X25LL10T15)
Add component (AddParameter): Name = "Manufacturer"; Value = "AVX Interconnect / Elco"; VariantName = "[No Variations]"
Add component (AddParameter): Name = "Part Number"; Value = "0402ZD104JAT2A"; VariantName = "[No Variations]"
Added Component: Designator=C19(CAPC1005X56X25LL10T15)
Add component (AddParameter): Name = "Manufacturer"; Value = "AVX Interconnect / Elco"; VariantName = "[No Variations]"
Add component (AddParameter): Name = "Part Number"; Value = "0402ZD104JAT2A"; VariantName = "[No Variations]"
Added Component: Designator=C20(CAPC1005X56X25LL10T15)
Add component (AddParameter): Name = "Manufacturer"; Value = "AVX Interconnect / Elco"; VariantName = "[No Variations]"
Add component (AddParameter): Name = "Part Number"; Value = "0402ZD104JAT2A"; VariantName = "[No Variations]"
Added Component: Designator=C21(CAPC1005X56X25LL10T15)
Add component (AddParameter): Name = "Manufacturer"; Value = "AVX Interconnect / Elco"; VariantName = "[No Variations]"
Add component (AddParameter): Name = "Part Number"; Value = "0402ZD104JAT2A"; VariantName = "[No Variations]"
Added Component: Designator=C22(CAPC1005X56X25LL10T15)
Add component (AddParameter): Name = "Manufacturer"; Value = "AVX Interconnect / Elco"; VariantName = "[No Variations]"
Add component (AddParameter): Name = "Part Number"; Value = "0402ZD104JAT2A"; VariantName = "[No Variations]"
Added Component: Designator=C23(CAPC1005X56X25LL10T15)
Add component (AddParameter): Name = "Manufacturer"; Value = "AVX Interconnect / Elco"; VariantName = "[No Variations]"
Add component (AddParameter): Name = "Part Number"; Value = "0402ZD104JAT2A"; VariantName = "[No Variations]"
Added Component: Designator=C24(CAPC1005X56X25LL10T15)
Add component (AddParameter): Name = "Manufacturer"; Value = "AVX Interconnect / Elco"; VariantName = "[No Variations]"
Add component (AddParameter): Name = "Part Number"; Value = "0402ZD104JAT2A"; VariantName = "[No Variations]"
Added Component: Designator=C25(CAPC1005X56X25LL10T15)
Add component (AddParameter): Name = "Manufacturer"; Value = "AVX Interconnect / Elco"; VariantName = "[No Variations]"
Add component (AddParameter): Name = "Part Number"; Value = "0402ZD104JAT2A"; VariantName = "[No Variations]"
Added Component: Designator=C26(CAPC2013X145X50ML20T20)
Add component (AddParameter): Name = "Manufacturer"; Value = "Vitramon"; VariantName = "[No Variations]"
Add component (AddParameter): Name = "Part Number"; Value = "VJ0805V475ZXQTW1BC"; VariantName = "[No Variations]"
Added Component: Designator=C27(CAPC2013X145X50ML20T20)
Add component (AddParameter): Name = "Manufacturer"; Value = "Vitramon"; VariantName = "[No Variations]"
Add component (AddParameter): Name = "Part Number"; Value = "VJ0805V475ZXQTW1BC"; VariantName = "[No Variations]"
Added Component: Designator=C28(CAPC1005X56X25LL10T15)
Add component (AddParameter): Name = "Manufacturer"; Value = "AVX Interconnect / Elco"; VariantName = "[No Variations]"
Add component (AddParameter): Name = "Part Number"; Value = "0402ZD104JAT2A"; VariantName = "[No Variations]"
Added Component: Designator=C29(CAPC1005X56X25LL10T15)
Add component (AddParameter): Name = "Manufacturer"; Value = "AVX Interconnect / Elco"; VariantName = "[No Variations]"
Add component (AddParameter): Name = "Part Number"; Value = "0402ZD104JAT2A"; VariantName = "[No Variations]"
Added Component: Designator=C30(CAPC2013X145X50ML20T20)
Add component (AddParameter): Name = "Manufacturer"; Value = "Vitramon"; VariantName = "[No Variations]"
Add component (AddParameter): Name = "Part Number"; Value = "VJ0805V475ZXQTW1BC"; VariantName = "[No Variations]"
Added Component: Designator=C31(CAPC1005X56X25LL10T15)
Add component (AddParameter): Name = "Manufacturer"; Value = "AVX Interconnect / Elco"; VariantName = "[No Variations]"
Add component (AddParameter): Name = "Part Number"; Value = "0402ZD104JAT2A"; VariantName = "[No Variations]"
Added Component: Designator=C32(CAPC1005X56X25LL10T15)
Add component (AddParameter): Name = "Manufacturer"; Value = "AVX Interconnect / Elco"; VariantName = "[No Variations]"
Add component (AddParameter): Name = "Part Number"; Value = "0402ZD104JAT2A"; VariantName = "[No Variations]"
Added Component: Designator=C33(CAPC1005X56X25LL10T15)
Add component (AddParameter): Name = "Manufacturer"; Value = "AVX Interconnect / Elco"; VariantName = "[No Variations]"
Add component (AddParameter): Name = "Part Number"; Value = "0402ZD104JAT2A"; VariantName = "[No Variations]"
Added Component: Designator=C34(CAPC1005X56X25LL10T15)
Add component (AddParameter): Name = "Manufacturer"; Value = "AVX Interconnect / Elco"; VariantName = "[No Variations]"
Add component (AddParameter): Name = "Part Number"; Value = "0402ZD104JAT2A"; VariantName = "[No Variations]"
Added Component: Designator=C35(CAPC2013X145X50ML20T20)
Add component (AddParameter): Name = "Manufacturer"; Value = "Vitramon"; VariantName = "[No Variations]"
Add component (AddParameter): Name = "Part Number"; Value = "VJ0805V475ZXQTW1BC"; VariantName = "[No Variations]"
Added Component: Designator=C36(CAPC1005X56X25LL10T15)
Add component (AddParameter): Name = "Manufacturer"; Value = "AVX Interconnect / Elco"; VariantName = "[No Variations]"
Add component (AddParameter): Name = "Part Number"; Value = "0402ZD104JAT2A"; VariantName = "[No Variations]"
Added Component: Designator=C37(CAPC1005X56X25LL10T15)
Add component (AddParameter): Name = "Manufacturer"; Value = "AVX Interconnect / Elco"; VariantName = "[No Variations]"
Add component (AddParameter): Name = "Part Number"; Value = "0402ZD104JAT2A"; VariantName = "[No Variations]"
Added Component: Designator=C38(CAPC1005X56X25LL10T15)
Add component (AddParameter): Name = "Manufacturer"; Value = "AVX Interconnect / Elco"; VariantName = "[No Variations]"
Add component (AddParameter): Name = "Part Number"; Value = "0402ZD104JAT2A"; VariantName = "[No Variations]"
Added Component: Designator=C39(CAPC1005X56X25LL10T15)
Add component (AddParameter): Name = "Manufacturer"; Value = "AVX Interconnect / Elco"; VariantName = "[No Variations]"
Add component (AddParameter): Name = "Part Number"; Value = "0402ZD104JAT2A"; VariantName = "[No Variations]"
Added Component: Designator=C40(CAPC1005X56X25LL10T15)
Add component (AddParameter): Name = "Manufacturer"; Value = "AVX Interconnect / Elco"; VariantName = "[No Variations]"
Add component (AddParameter): Name = "Part Number"; Value = "0402ZD104JAT2A"; VariantName = "[No Variations]"
Added Component: Designator=C41(CAPC1005X56X25LL10T15)
Add component (AddParameter): Name = "Manufacturer"; Value = "AVX Interconnect / Elco"; VariantName = "[No Variations]"
Add component (AddParameter): Name = "Part Number"; Value = "0402ZD104JAT2A"; VariantName = "[No Variations]"
Added Component: Designator=C42(CAPC1005X56X25LL10T15)
Add component (AddParameter): Name = "Manufacturer"; Value = "AVX Interconnect / Elco"; VariantName = "[No Variations]"
Add component (AddParameter): Name = "Part Number"; Value = "0402ZD104JAT2A"; VariantName = "[No Variations]"
Added Component: Designator=C43(CAPC1005X56X25LL10T15)
Add component (AddParameter): Name = "Manufacturer"; Value = "AVX Interconnect / Elco"; VariantName = "[No Variations]"
Add component (AddParameter): Name = "Part Number"; Value = "0402ZD104JAT2A"; VariantName = "[No Variations]"
Added Component: Designator=C44(CAPC1005X56X25LL10T15)
Add component (AddParameter): Name = "Manufacturer"; Value = "AVX Interconnect / Elco"; VariantName = "[No Variations]"
Add component (AddParameter): Name = "Part Number"; Value = "0402ZD104JAT2A"; VariantName = "[No Variations]"
Added Component: Designator=C45(CAPC1005X56X25LL10T15)
Add component (AddParameter): Name = "Manufacturer"; Value = "AVX Interconnect / Elco"; VariantName = "[No Variations]"
Add component (AddParameter): Name = "Part Number"; Value = "0402ZD104JAT2A"; VariantName = "[No Variations]"
Added Component: Designator=C46(CAPC1005X56X25LL10T15)
Add component (AddParameter): Name = "Manufacturer"; Value = "AVX Interconnect / Elco"; VariantName = "[No Variations]"
Add component (AddParameter): Name = "Part Number"; Value = "0402ZD104JAT2A"; VariantName = "[No Variations]"
Added Component: Designator=C47(CAPC1005X56X25LL10T15)
Add component (AddParameter): Name = "Manufacturer"; Value = "AVX Interconnect / Elco"; VariantName = "[No Variations]"
Add component (AddParameter): Name = "Part Number"; Value = "0402ZD104JAT2A"; VariantName = "[No Variations]"
Added Component: Designator=C48(CAPC1005X56X25LL10T15)
Add component (AddParameter): Name = "Manufacturer"; Value = "AVX Interconnect / Elco"; VariantName = "[No Variations]"
Add component (AddParameter): Name = "Part Number"; Value = "0402ZD104JAT2A"; VariantName = "[No Variations]"
Added Component: Designator=C49(CAPC1005X56X25LL10T15)
Add component (AddParameter): Name = "Manufacturer"; Value = "AVX Interconnect / Elco"; VariantName = "[No Variations]"
Add component (AddParameter): Name = "Part Number"; Value = "0402ZD104JAT2A"; VariantName = "[No Variations]"
Added Component: Designator=C50(CAPC1005X56X25LL10T15)
Add component (AddParameter): Name = "Manufacturer"; Value = "AVX Interconnect / Elco"; VariantName = "[No Variations]"
Add component (AddParameter): Name = "Part Number"; Value = "0402ZD104JAT2A"; VariantName = "[No Variations]"
Added Component: Designator=C51(CAPC1005X56X25LL10T15)
Add component (AddParameter): Name = "Manufacturer"; Value = "AVX Interconnect / Elco"; VariantName = "[No Variations]"
Add component (AddParameter): Name = "Part Number"; Value = "0402ZD104JAT2A"; VariantName = "[No Variations]"
Added Component: Designator=C52(CAPC1005X56X25LL10T15)
Add component (AddParameter): Name = "Manufacturer"; Value = "AVX Interconnect / Elco"; VariantName = "[No Variations]"
Add component (AddParameter): Name = "Part Number"; Value = "0402ZD104JAT2A"; VariantName = "[No Variations]"
Added Component: Designator=C53(CAPC1005X56X25LL10T15)
Add component (AddParameter): Name = "Manufacturer"; Value = "AVX Interconnect / Elco"; VariantName = "[No Variations]"
Add component (AddParameter): Name = "Part Number"; Value = "0402ZD104JAT2A"; VariantName = "[No Variations]"
Added Component: Designator=C54(CAPC1005X56X25LL10T15)
Add component (AddParameter): Name = "Manufacturer"; Value = "AVX Interconnect / Elco"; VariantName = "[No Variations]"
Add component (AddParameter): Name = "Part Number"; Value = "0402ZD104JAT2A"; VariantName = "[No Variations]"
Added Component: Designator=C55(CAPC1005X56X25LL10T15)
Add component (AddParameter): Name = "Manufacturer"; Value = "AVX Interconnect / Elco"; VariantName = "[No Variations]"
Add component (AddParameter): Name = "Part Number"; Value = "0402ZD104JAT2A"; VariantName = "[No Variations]"
Added Component: Designator=C56(CAPC1005X56X25LL10T15)
Add component (AddParameter): Name = "Manufacturer"; Value = "AVX Interconnect / Elco"; VariantName = "[No Variations]"
Add component (AddParameter): Name = "Part Number"; Value = "0402ZD104JAT2A"; VariantName = "[No Variations]"
Added Component: Designator=C57(CAPC1005X56X25LL10T15)
Add component (AddParameter): Name = "Manufacturer"; Value = "AVX Interconnect / Elco"; VariantName = "[No Variations]"
Add component (AddParameter): Name = "Part Number"; Value = "0402ZD104JAT2A"; VariantName = "[No Variations]"
Added Component: Designator=J1(FCI-10104110-0001LF_V)
Add component (AddParameter): Name = "Connector Mounting"; Value = "PCB"; VariantName = "[No Variations]"
Add component (AddParameter): Name = "Connector Type"; Value = "USBMicroB"; VariantName = "[No Variations]"
Add component (AddParameter): Name = "Contact Plating"; Value = "Gold"; VariantName = "[No Variations]"
Add component (AddParameter): Name = "Contact Termination"; Value = "SurfaceMountRightAngle"; VariantName = "[No Variations]"
Add component (AddParameter): Name = "Datasheet URL"; Value = "http://portal.fciconnect.com/Comergent//fci/drawing/10104110.pdf"; VariantName = "[No Variations]"
Add component (AddParameter): Name = "Datasheet Version"; Value = "Rev. C, 03/2011"; VariantName = "[No Variations]"
Add component (AddParameter): Name = "Gender"; Value = "Receptacle"; VariantName = "[No Variations]"
Add component (AddParameter): Name = "Manufacturer"; Value = "FCI Electronics"; VariantName = "[No Variations]"
Add component (AddParameter): Name = "Manufacturer URL"; Value = "http://portal.fciconnect.com/"; VariantName = "[No Variations]"
Add component (AddParameter): Name = "Mounting Technology"; Value = "SurfaceMount"; VariantName = "[No Variations]"
Add component (AddParameter): Name = "No. of Contacts"; Value = "5"; VariantName = "[No Variations]"
Add component (AddParameter): Name = "Package Description"; Value = "5-Pin Surface Mount Device, Body 8.06 x 5.6 mm, Pitch 0.65 mm"; VariantName = "[No Variations]"
Add component (AddParameter): Name = "Package Reference"; Value = "10104110-0001LF"; VariantName = "[No Variations]"
Added Component: Designator=J2(MOLX-480-37-1000_V)
Add component (AddParameter): Name = "Case Code (Imperial)"; Value = "0603"; VariantName = "[No Variations]"
Add component (AddParameter): Name = "Case Code (Metric)"; Value = "1608"; VariantName = "[No Variations]"
Add component (AddParameter): Name = "Case\Package"; Value = "0603"; VariantName = "[No Variations]"
Add component (AddParameter): Name = "ComponentLink1Description"; Value = "Manufacturer URL"; VariantName = "[No Variations]"
Add component (AddParameter): Name = "ComponentLink1URL"; Value = "http://www.molex.com/"; VariantName = "[No Variations]"
Add component (AddParameter): Name = "ComponentLink2Description"; Value = "Datasheet"; VariantName = "[No Variations]"
Add component (AddParameter): Name = "ComponentLink2URL"; Value = "http://www.molex.com/pdm_docs/sd/480371000_sd.pdf"; VariantName = "[No Variations]"
Add component (AddParameter): Name = "DatasheetVersion"; Value = "Rev. D, 06/2004"; VariantName = "[No Variations]"
Add component (AddParameter): Name = "Height"; Value = "0.45 mm"; VariantName = "[No Variations]"
Add component (AddParameter): Name = "Length"; Value = "1.6 mm"; VariantName = "[No Variations]"
Add component (AddParameter): Name = "Max Operating Temperature"; Value = "155 degC"; VariantName = "[No Variations]"
Add component (AddParameter): Name = "Min Operating Temperature"; Value = "-55 degC"; VariantName = "[No Variations]"
Add component (AddParameter): Name = "Mount"; Value = "Surface Mount"; VariantName = "[No Variations]"
Add component (AddParameter): Name = "Package Quantity"; Value = "5000"; VariantName = "[No Variations]"
Add component (AddParameter): Name = "PackageDescription"; Value = "4-Pin Surface Mount Device, Body 12 x 18.8 mm"; VariantName = "[No Variations]"
Add component (AddParameter): Name = "PackageReference"; Value = "480-37-1000"; VariantName = "[No Variations]"
Add component (AddParameter): Name = "Packaging"; Value = "Tape and Reel"; VariantName = "[No Variations]"
Add component (AddParameter): Name = "Pins"; Value = "2"; VariantName = "[No Variations]"
Add component (AddParameter): Name = "Power Rating"; Value = "100 mW"; VariantName = "[No Variations]"
Add component (AddParameter): Name = "REACH SVHC"; Value = "No SVHC"; VariantName = "[No Variations]"
Add component (AddParameter): Name = "Resistance"; Value = "1 mohm"; VariantName = "[No Variations]"
Add component (AddParameter): Name = "RoHSCompliant"; Value = "true"; VariantName = "[No Variations]"
Add component (AddParameter): Name = "Tolerance"; Value = "1%"; VariantName = "[No Variations]"
Add component (AddParameter): Name = "Voltage Rating"; Value = "50 V"; VariantName = "[No Variations]"
Add component (AddParameter): Name = "Voltage Rating (DC)"; Value = "50 V"; VariantName = "[No Variations]"
Add component (AddParameter): Name = "Width"; Value = "0.8 mm"; VariantName = "[No Variations]"
Added Component: Designator=L1(WE-SPC 4838)
Add component (AddParameter): Name = "ComponentLink1Description"; Value = "Manufacturer URL"; VariantName = "[No Variations]"
Add component (AddParameter): Name = "ComponentLink1URL"; Value = "http://www.we-online.com"; VariantName = "[No Variations]"
Add component (AddParameter): Name = "ComponentLink2Description"; Value = "Datasheet"; VariantName = "[No Variations]"
Add component (AddParameter): Name = "ComponentLink2URL"; Value = "http://katalog.we-online.de/kataloge/eisos/media/pdf/74408943022.pdf"; VariantName = "[No Variations]"
Add component (AddParameter): Name = "Inductance"; Value = "2.2 µH"; VariantName = "[No Variations]"
Add component (AddParameter): Name = "Manufacturer"; Value = "Wuerth Elektronik"; VariantName = "[No Variations]"
Add component (AddParameter): Name = "PackageReference"; Value = "WE-SPC 4838"; VariantName = "[No Variations]"
Add component (AddParameter): Name = "PartNumber"; Value = "74408943022"; VariantName = "[No Variations]"
Added Component: Designator=L2(MURA-IND0805_L)
Add component (AddParameter): Name = "Case Size/Dimension"; Value = "0805"; VariantName = "[No Variations]"
Add component (AddParameter): Name = "Datasheet URL"; Value = "http://psearch.en.murata.com/inductor/product/LQM21FN100M70%23.pdf"; VariantName = "[No Variations]"
Add component (AddParameter): Name = "Datasheet Version"; Value = "05/2016"; VariantName = "[No Variations]"
Add component (AddParameter): Name = "DC Resistance"; Value = "0.6"; VariantName = "[No Variations]"
Add component (AddParameter): Name = "Inductance-Nom"; Value = "10H"; VariantName = "[No Variations]"
Add component (AddParameter): Name = "Manufacturer"; Value = "Murata"; VariantName = "[No Variations]"
Add component (AddParameter): Name = "Manufacturer URL"; Value = "http://www.murata.com/"; VariantName = "[No Variations]"
Add component (AddParameter): Name = "Mounting Technology"; Value = "SurfaceMount"; VariantName = "[No Variations]"
Add component (AddParameter): Name = "Package Description"; Value = "2-Pin Surface Mount Device, Body 2 x 1.25 mm"; VariantName = "[No Variations]"
Add component (AddParameter): Name = "Package Reference"; Value = "IND0805"; VariantName = "[No Variations]"
Add component (AddParameter): Name = "Rated Current-Max"; Value = "100mA"; VariantName = "[No Variations]"
Add component (AddParameter): Name = "Tolerance (%)"; Value = "20%"; VariantName = "[No Variations]"
Added Component: Designator=L3(MURA-IND0805_L)
Add component (AddParameter): Name = "Case Size/Dimension"; Value = "0805"; VariantName = "[No Variations]"
Add component (AddParameter): Name = "Datasheet URL"; Value = "http://psearch.en.murata.com/inductor/product/LQM21FN100M70%23.pdf"; VariantName = "[No Variations]"
Add component (AddParameter): Name = "Datasheet Version"; Value = "05/2016"; VariantName = "[No Variations]"
Add component (AddParameter): Name = "DC Resistance"; Value = "0.6"; VariantName = "[No Variations]"
Add component (AddParameter): Name = "Inductance-Nom"; Value = "10H"; VariantName = "[No Variations]"
Add component (AddParameter): Name = "Manufacturer"; Value = "Murata"; VariantName = "[No Variations]"
Add component (AddParameter): Name = "Manufacturer URL"; Value = "http://www.murata.com/"; VariantName = "[No Variations]"
Add component (AddParameter): Name = "Mounting Technology"; Value = "SurfaceMount"; VariantName = "[No Variations]"
Add component (AddParameter): Name = "Package Description"; Value = "2-Pin Surface Mount Device, Body 2 x 1.25 mm"; VariantName = "[No Variations]"
Add component (AddParameter): Name = "Package Reference"; Value = "IND0805"; VariantName = "[No Variations]"
Add component (AddParameter): Name = "Rated Current-Max"; Value = "100mA"; VariantName = "[No Variations]"
Add component (AddParameter): Name = "Tolerance (%)"; Value = "20%"; VariantName = "[No Variations]"
Added Component: Designator=P1(HDR1X2)
Add component (AddParameter): Name = "LatestRevisionDate"; Value = "17-Jul-2002"; VariantName = "[No Variations]"
Add component (AddParameter): Name = "LatestRevisionNote"; Value = "Re-released for DXP Platform."; VariantName = "[No Variations]"
Add component (AddParameter): Name = "Publisher"; Value = "Altium Limited"; VariantName = "[No Variations]"
Added Component: Designator=R1(RESC1005X40X25ML05T05)
Add component (AddParameter): Name = "Manufacturer"; Value = "Vishay Dale"; VariantName = "[No Variations]"
Add component (AddParameter): Name = "Part Number"; Value = "CRCW04023R60JNED"; VariantName = "[No Variations]"
Added Component: Designator=R2(RESC1005X40X25ML05T05)
Add component (AddParameter): Name = "Manufacturer"; Value = "Vishay Dale"; VariantName = "[No Variations]"
Add component (AddParameter): Name = "Part Number"; Value = "CRCW04023R60JNED"; VariantName = "[No Variations]"
Added Component: Designator=R3(RESC1005X40X25ML05T05)
Add component (AddParameter): Name = "Manufacturer"; Value = "Vishay Dale"; VariantName = "[No Variations]"
Add component (AddParameter): Name = "Part Number"; Value = "CRCW04023R60JNED"; VariantName = "[No Variations]"
Added Component: Designator=R4(RESC1005X40X25ML05T05)
Add component (AddParameter): Name = "Manufacturer"; Value = "Vishay Dale"; VariantName = "[No Variations]"
Add component (AddParameter): Name = "Part Number"; Value = "CRCW04023R60JNED"; VariantName = "[No Variations]"
Added Component: Designator=R5(RESC1005X40X25ML05T05)
Add component (AddParameter): Name = "Manufacturer"; Value = "Vishay Dale"; VariantName = "[No Variations]"
Add component (AddParameter): Name = "Part Number"; Value = "CRCW04023R60JNED"; VariantName = "[No Variations]"
Added Component: Designator=R6(RESC1005X40X25ML05T05)
Add component (AddParameter): Name = "Manufacturer"; Value = "Vishay Dale"; VariantName = "[No Variations]"
Add component (AddParameter): Name = "Part Number"; Value = "CRCW04023R60JNED"; VariantName = "[No Variations]"
Added Component: Designator=R7(RESC1005X40X25ML05T05)
Add component (AddParameter): Name = "Manufacturer"; Value = "Vishay Dale"; VariantName = "[No Variations]"
Add component (AddParameter): Name = "Part Number"; Value = "CRCW04023R60JNED"; VariantName = "[No Variations]"
Added Component: Designator=R8(RESC1005X40X25ML05T05)
Add component (AddParameter): Name = "Manufacturer"; Value = "Vishay Dale"; VariantName = "[No Variations]"
Add component (AddParameter): Name = "Part Number"; Value = "CRCW04023R60JNED"; VariantName = "[No Variations]"
Added Component: Designator=R9(RESC1005X40X25ML05T05)
Add component (AddParameter): Name = "Manufacturer"; Value = "Vishay Dale"; VariantName = "[No Variations]"
Add component (AddParameter): Name = "Part Number"; Value = "CRCW04023R60JNED"; VariantName = "[No Variations]"
Added Component: Designator=R10(RESC1005X40X25ML05T05)
Add component (AddParameter): Name = "Manufacturer"; Value = "Vishay Dale"; VariantName = "[No Variations]"
Add component (AddParameter): Name = "Part Number"; Value = "CRCW04023R60JNED"; VariantName = "[No Variations]"
Added Component: Designator=R11(RESC1005X40X25ML05T05)
Add component (AddParameter): Name = "Manufacturer"; Value = "Vishay Dale"; VariantName = "[No Variations]"
Add component (AddParameter): Name = "Part Number"; Value = "CRCW04023R60JNED"; VariantName = "[No Variations]"
Added Component: Designator=SW1(TECO-FSM4JSMATR_V)
Add component (AddParameter): Name = "Actuator Length"; Value = "0.055inch"; VariantName = "[No Variations]"
Add component (AddParameter): Name = "Actuator Material"; Value = "Polyamide"; VariantName = "[No Variations]"
Add component (AddParameter): Name = "Capacitance"; Value = "0f"; VariantName = "[No Variations]"
Add component (AddParameter): Name = "Case\/Package"; Value = "SMD/SMT"; VariantName = "[No Variations]"
Add component (AddParameter): Name = "Contact Current Rating"; Value = "50mA"; VariantName = "[No Variations]"
Add component (AddParameter): Name = "Contact Material"; Value = "CopperAlloy"; VariantName = "[No Variations]"
Add component (AddParameter): Name = "Contact Plating"; Value = "Silver"; VariantName = "[No Variations]"
Add component (AddParameter): Name = "Contact Resistance"; Value = "100mOhm"; VariantName = "[No Variations]"
Add component (AddParameter): Name = "Current Rating"; Value = "50mA"; VariantName = "[No Variations]"
Add component (AddParameter): Name = "Datasheet URL"; Value = "http://www.te.com/commerce/DocumentDelivery/DDEController?Action=showdoc&DocId=Customer+Drawing%7F2-1437565-7%7FV%7Fpdf%7FEnglish%7FENG_CD_2-1437565-7_V.pdf%7F4-1437565-2"; VariantName = "[No Variations]"
Add component (AddParameter): Name = "Datasheet Version"; Value = "Rev. V, 02/2015"; VariantName = "[No Variations]"
Add component (AddParameter): Name = "Electrical Life"; Value = "100000Cycles"; VariantName = "[No Variations]"
Add component (AddParameter): Name = "Illumination Type"; Value = "Illuminated"; VariantName = "[No Variations]"
Add component (AddParameter): Name = "Manufacturer"; Value = "TE Connectivity"; VariantName = "[No Variations]"
Add component (AddParameter): Name = "Manufacturer URL"; Value = "http://www.te.com/"; VariantName = "[No Variations]"
Add component (AddParameter): Name = "Max Operating Temperature"; Value = "85degC"; VariantName = "[No Variations]"
Add component (AddParameter): Name = "Max Voltage Rating (DC)"; Value = "12V"; VariantName = "[No Variations]"
Add component (AddParameter): Name = "Mechanical Life"; Value = "100000Cycles"; VariantName = "[No Variations]"
Add component (AddParameter): Name = "Min Operating Temperature"; Value = "-35degC"; VariantName = "[No Variations]"
Add component (AddParameter): Name = "Mount"; Value = "SurfaceMount"; VariantName = "[No Variations]"
Add component (AddParameter): Name = "Mounting Technology"; Value = "SurfaceMount"; VariantName = "[No Variations]"
Add component (AddParameter): Name = "Operating Force"; Value = "160gf"; VariantName = "[No Variations]"
Add component (AddParameter): Name = "Orientation"; Value = "Straight"; VariantName = "[No Variations]"
Add component (AddParameter): Name = "Package Description"; Value = "4-Pin Surface Mount Device, Body 6 x 6 mm, Pitch 4.5 mm"; VariantName = "[No Variations]"
Add component (AddParameter): Name = "Package Quantity"; Value = "1200"; VariantName = "[No Variations]"
Add component (AddParameter): Name = "Package Reference"; Value = "FSM4JSMATR"; VariantName = "[No Variations]"
Add component (AddParameter): Name = "Packaging"; Value = "TapeandReel"; VariantName = "[No Variations]"
Add component (AddParameter): Name = "REACH SVHC"; Value = "Unknown"; VariantName = "[No Variations]"
Add component (AddParameter): Name = "RoHSCompliant"; Value = "true"; VariantName = "[No Variations]"
Add component (AddParameter): Name = "Switch Travel"; Value = "0.25mm"; VariantName = "[No Variations]"
Add component (AddParameter): Name = "Termination"; Value = "GullWing"; VariantName = "[No Variations]"
Add component (AddParameter): Name = "Throw Configuration"; Value = "SPST"; VariantName = "[No Variations]"
Add component (AddParameter): Name = "Voltage Rating (DC)"; Value = "24V"; VariantName = "[No Variations]"
Added Component: Designator=U1(*BGA84C80P9X15_800X1250X120_W9751G6KB-25(Primary))
Add component (AddParameter): Name = "Availability"; Value = "Unavailable"; VariantName = "[No Variations]"
Add component (AddParameter): Name = "MF"; Value = "Winbond"; VariantName = "[No Variations]"
Add component (AddParameter): Name = "MP"; Value = "W9751G6KB-25"; VariantName = "[No Variations]"
Add component (AddParameter): Name = "Package"; Value = "TFBGA-84 Winbond"; VariantName = "[No Variations]"
Add component (AddParameter): Name = "Price"; Value = "None"; VariantName = "[No Variations]"
Add component (AddParameter): Name = "SnapEDA_Link"; Value = "https://www.snapeda.com/parts/W9751G6KB-25/Winbond%20Electronics/view-part/189224/?ref=snap"; VariantName = "[No Variations]"
Add component (AddParameter): Name = "Value"; Value = ""; VariantName = "[No Variations]"
Added Component: Designator=U2(*BGA217C80P17X17_1500X1500X140N_AT91SAM9N12-CU(Primary))
Add component (AddParameter): Name = "Availability"; Value = "Unavailable"; VariantName = "[No Variations]"
Add component (AddParameter): Name = "MF"; Value = "Microchip"; VariantName = "[No Variations]"
Add component (AddParameter): Name = "MP"; Value = "AT91SAM9N12-CU"; VariantName = "[No Variations]"
Add component (AddParameter): Name = "Package"; Value = "LFBGA-217 Microchip"; VariantName = "[No Variations]"
Add component (AddParameter): Name = "Price"; Value = "None"; VariantName = "[No Variations]"
Add component (AddParameter): Name = "SnapEDA_Link"; Value = "https://www.snapeda.com/parts/AT91SAM9N12-CU/Microchip/view-part/1770613/?ref=snap"; VariantName = "[No Variations]"
Add component (AddParameter): Name = "Value"; Value = ""; VariantName = "[No Variations]"
Added Component: Designator=U3(RGT0016C_V)
Add component (AddParameter): Name = "Code_JEDEC"; Value = "MO-220"; VariantName = "[No Variations]"
Add component (AddParameter): Name = "ComponentLink1Description"; Value = "Datasheet"; VariantName = "[No Variations]"
Add component (AddParameter): Name = "ComponentLink1URL"; Value = "http://www.ti.com/general/docs/lit/getliterature.tsp?genericPartNumber=TPS62142&fileType=pdf"; VariantName = "[No Variations]"
Add component (AddParameter): Name = "ComponentLink2Description"; Value = "Package Specification"; VariantName = "[No Variations]"
Add component (AddParameter): Name = "ComponentLink2URL"; Value = "http://www.ti.com/litv/pdf/mpqf119g"; VariantName = "[No Variations]"
Add component (AddParameter): Name = "ComponentLink3Description"; Value = "URL Link1"; VariantName = "[No Variations]"
Add component (AddParameter): Name = "ComponentLink3URL"; Value = "Samples URL:http://www.ti.com/product/tps54611#samples"; VariantName = "[No Variations]"
Add component (AddParameter): Name = "DatasheetVersion"; Value = "SLVSAJ0"; VariantName = "[No Variations]"
Add component (AddParameter): Name = "Duty Cycle(Max)(%)"; Value = "100"; VariantName = "[No Variations]"
Add component (AddParameter): Name = "Eco-Plan"; Value = "Green (RoHS & no Sb/Br)"; VariantName = "[No Variations]"
Add component (AddParameter): Name = "Iout(Max)(A)"; Value = "2"; VariantName = "[No Variations]"
Add component (AddParameter): Name = "Iq(Typ)(mA)"; Value = "0.017"; VariantName = "[No Variations]"
Add component (AddParameter): Name = "Manufacturer"; Value = "Texas Instruments"; VariantName = "[No Variations]"
Add component (AddParameter): Name = "Mounting Technology"; Value = "Surface Mount"; VariantName = "[No Variations]"
Add component (AddParameter): Name = "PackageDescription"; Value = "16-Pin Plastic Quad Flat No-Lead, 3 x 3 mm Body, 0.5 mm Pitch, 1.7 x 1.7 mm Exposed Pad"; VariantName = "[No Variations]"
Add component (AddParameter): Name = "PackageReference"; Value = "RGT0016C"; VariantName = "[No Variations]"
Add component (AddParameter): Name = "PackageVersion"; Value = "revH, Oct-2011"; VariantName = "[No Variations]"
Add component (AddParameter): Name = "PartNumber"; Value = "TPS62142RGTT"; VariantName = "[No Variations]"
Add component (AddParameter): Name = "Preset Vout(V)"; Value = "3.3"; VariantName = "[No Variations]"
Add component (AddParameter): Name = "Rating"; Value = "Catalog"; VariantName = "[No Variations]"
Add component (AddParameter): Name = "Regulated Outputs(#)"; Value = "1"; VariantName = "[No Variations]"
Add component (AddParameter): Name = "SubFamily"; Value = "Step-Down Regulator"; VariantName = "[No Variations]"
Add component (AddParameter): Name = "Switch Current Limit(Typ)(A)"; Value = "3"; VariantName = "[No Variations]"
Add component (AddParameter): Name = "Synchronous Rectification"; Value = "TRUE"; VariantName = "[No Variations]"
Add component (AddParameter): Name = "Topology"; Value = "Buck"; VariantName = "[No Variations]"
Add component (AddParameter): Name = "Vin(Max)(V)"; Value = "17"; VariantName = "[No Variations]"
Add component (AddParameter): Name = "Vin(Min)(V)"; Value = "3"; VariantName = "[No Variations]"
Add component (AddParameter): Name = "Vout(Max)(V)"; Value = "3.3"; VariantName = "[No Variations]"
Add component (AddParameter): Name = "Vout(Min)(V)"; Value = "3.3"; VariantName = "[No Variations]"
Added Component: Designator=U4(DBV0005A_L)
Add component (AddParameter): Name = "Accuracy(%)"; Value = "2"; VariantName = "[No Variations]"
Add component (AddParameter): Name = "Code_JEDEC"; Value = "MO-178"; VariantName = "[No Variations]"
Add component (AddParameter): Name = "ComponentLink1Description"; Value = "Manufacturer URL"; VariantName = "[No Variations]"
Add component (AddParameter): Name = "ComponentLink1URL"; Value = "http://www.ti.com/"; VariantName = "[No Variations]"
Add component (AddParameter): Name = "ComponentLink2Description"; Value = "Datasheet"; VariantName = "[No Variations]"
Add component (AddParameter): Name = "ComponentLink2URL"; Value = "http://www.ti.com/general/docs/lit/getliterature.tsp?genericPartNumber=TLV70218&fileType=pdf"; VariantName = "[No Variations]"
Add component (AddParameter): Name = "ComponentLink3Description"; Value = "Package Specification"; VariantName = "[No Variations]"
Add component (AddParameter): Name = "ComponentLink3URL"; Value = "http://www.ti.com/litv/pdf/mpds018i"; VariantName = "[No Variations]"
Add component (AddParameter): Name = "DatasheetVersion"; Value = "SLVSAG6B"; VariantName = "[No Variations]"
Add component (AddParameter): Name = "Eco-Plan"; Value = "Green (RoHS & no Sb/Br)"; VariantName = "[No Variations]"
Add component (AddParameter): Name = "Fixed Output Options(V)"; Value = "1.8"; VariantName = "[No Variations]"
Add component (AddParameter): Name = "Iout(Max)(A)"; Value = "0.3"; VariantName = "[No Variations]"
Add component (AddParameter): Name = "Iq(Typ)(mA)"; Value = "0.03"; VariantName = "[No Variations]"
Add component (AddParameter): Name = "Manufacturer"; Value = "Texas Instruments"; VariantName = "[No Variations]"
Add component (AddParameter): Name = "Mounting Technology"; Value = "Surface Mount"; VariantName = "[No Variations]"
Add component (AddParameter): Name = "PackageDescription"; Value = "5-Pin Plastic Small Outline, Body 1.60 Ã— 2.90 mm, Pitch 0.95 mm"; VariantName = "[No Variations]"
Add component (AddParameter): Name = "PackageReference"; Value = "DBV0005A"; VariantName = "[No Variations]"
Add component (AddParameter): Name = "PackageVersion"; Value = "4073253-4/K"; VariantName = "[No Variations]"
Add component (AddParameter): Name = "PartNumber"; Value = "TLV70218DBVT"; VariantName = "[No Variations]"
Add component (AddParameter): Name = "SubFamily"; Value = "Single Channel LDO"; VariantName = "[No Variations]"
Add component (AddParameter): Name = "Vdo(Typ)(mV)"; Value = "220"; VariantName = "[No Variations]"
Add component (AddParameter): Name = "Vin(Max)(V)"; Value = "5.5"; VariantName = "[No Variations]"
Add component (AddParameter): Name = "Vin(Min)(V)"; Value = "2"; VariantName = "[No Variations]"
Add component (AddParameter): Name = "Vout Adj(Max)(V)"; Value = "1.8"; VariantName = "[No Variations]"
Add component (AddParameter): Name = "Vout Adj(Min)(V)"; Value = "1.8"; VariantName = "[No Variations]"
Added Component: Designator=U5(DBV0005A_L)
Add component (AddParameter): Name = "Accuracy(%)"; Value = "2"; VariantName = "[No Variations]"
Add component (AddParameter): Name = "Code_JEDEC"; Value = "MO-178"; VariantName = "[No Variations]"
Add component (AddParameter): Name = "ComponentLink1Description"; Value = "Manufacturer URL"; VariantName = "[No Variations]"
Add component (AddParameter): Name = "ComponentLink1URL"; Value = "http://www.ti.com/"; VariantName = "[No Variations]"
Add component (AddParameter): Name = "ComponentLink2Description"; Value = "Datasheet"; VariantName = "[No Variations]"
Add component (AddParameter): Name = "ComponentLink2URL"; Value = "http://www.ti.com/general/docs/lit/getliterature.tsp?genericPartNumber=TLV71210&fileType=pdf"; VariantName = "[No Variations]"
Add component (AddParameter): Name = "ComponentLink3Description"; Value = "Package Specification"; VariantName = "[No Variations]"
Add component (AddParameter): Name = "ComponentLink3URL"; Value = "http://www.ti.com/litv/pdf/mpds018i"; VariantName = "[No Variations]"
Add component (AddParameter): Name = "DatasheetVersion"; Value = "SBVS150A"; VariantName = "[No Variations]"
Add component (AddParameter): Name = "Eco-Plan"; Value = "Green (RoHS & no Sb/Br)"; VariantName = "[No Variations]"
Add component (AddParameter): Name = "Fixed Output Options(V)"; Value = "1"; VariantName = "[No Variations]"
Add component (AddParameter): Name = "Iout(Max)(A)"; Value = "0.3"; VariantName = "[No Variations]"
Add component (AddParameter): Name = "Iq(Typ)(mA)"; Value = "0.035"; VariantName = "[No Variations]"
Add component (AddParameter): Name = "Manufacturer"; Value = "Texas Instruments"; VariantName = "[No Variations]"
Add component (AddParameter): Name = "Mounting Technology"; Value = "Surface Mount"; VariantName = "[No Variations]"
Add component (AddParameter): Name = "PackageDescription"; Value = "5-Pin Plastic Small Outline, Body 1.60 Ã— 2.90 mm, Pitch 0.95 mm"; VariantName = "[No Variations]"
Add component (AddParameter): Name = "PackageReference"; Value = "DBV0005A"; VariantName = "[No Variations]"
Add component (AddParameter): Name = "PackageVersion"; Value = "4073253-4/K"; VariantName = "[No Variations]"
Add component (AddParameter): Name = "PartNumber"; Value = "TLV71210DBVR"; VariantName = "[No Variations]"
Add component (AddParameter): Name = "SubFamily"; Value = "Single Channel LDO"; VariantName = "[No Variations]"
Add component (AddParameter): Name = "Vdo(Typ)(mV)"; Value = "260"; VariantName = "[No Variations]"
Add component (AddParameter): Name = "Vin(Max)(V)"; Value = "5.5"; VariantName = "[No Variations]"
Add component (AddParameter): Name = "Vin(Min)(V)"; Value = "2"; VariantName = "[No Variations]"
Add component (AddParameter): Name = "Vout Adj(Max)(V)"; Value = "1"; VariantName = "[No Variations]"
Add component (AddParameter): Name = "Vout Adj(Min)(V)"; Value = "1"; VariantName = "[No Variations]"
Added Component: Designator=U6(SOT25)
Add component (AddParameter): Name = "Built_By"; Value = "EMA_UL_Team"; VariantName = "[No Variations]"
Add component (AddParameter): Name = "Copyright"; Value = "Copyright (C) 2018 Accelerated Designs. All rights reserved"; VariantName = "[No Variations]"
Add component (AddParameter): Name = "Manufacturer_Part_Number"; Value = "APX823-31W5G-7"; VariantName = "[No Variations]"
Add component (AddParameter): Name = "RefDes"; Value = "RefDes"; VariantName = "[No Variations]"
Add component (AddParameter): Name = "Type"; Value = "DEV"; VariantName = "[No Variations]"
Add component (AddParameter): Name = "Value"; Value = "Value"; VariantName = "[No Variations]"
Add component (AddParameter): Name = "Vendor"; Value = "Diodes Inc"; VariantName = "[No Variations]"
Added Component: Designator=U7(TSOP-48_TSOP1)
Add component (AddParameter): Name = "Built_By"; Value = "EMA_UL_Team"; VariantName = "[No Variations]"
Add component (AddParameter): Name = "Copyright"; Value = "Copyright (C) 2018 Accelerated Designs. All rights reserved"; VariantName = "[No Variations]"
Add component (AddParameter): Name = "Manufacturer_Part_Number"; Value = "S34ML04G200TFI000"; VariantName = "[No Variations]"
Add component (AddParameter): Name = "RefDes"; Value = "RefDes"; VariantName = "[No Variations]"
Add component (AddParameter): Name = "Type"; Value = "DEV"; VariantName = "[No Variations]"
Add component (AddParameter): Name = "Value"; Value = "Value"; VariantName = "[No Variations]"
Add component (AddParameter): Name = "Vendor"; Value = "Spansion"; VariantName = "[No Variations]"
Added Component: Designator=U8(ADST-S2-8_L)
Add component (AddParameter): Name = "Architecture"; Value = "ChipErase"; VariantName = "[No Variations]"
Add component (AddParameter): Name = "Brand"; Value = "AdestoTechnologies"; VariantName = "[No Variations]"
Add component (AddParameter): Name = "Data Bus Width"; Value = "8bit"; VariantName = "[No Variations]"
Add component (AddParameter): Name = "Datasheet URL"; Value = "http://www.farnell.com/datasheets/1809892.pdf"; VariantName = "[No Variations]"
Add component (AddParameter): Name = "Datasheet Version"; Value = "Rev. 8784F, 11/2013"; VariantName = "[No Variations]"
Add component (AddParameter): Name = "Factory Pack Quantity"; Value = "90"; VariantName = "[No Variations]"
Add component (AddParameter): Name = "Interface Type"; Value = "SPI"; VariantName = "[No Variations]"
Add component (AddParameter): Name = "Manufacturer"; Value = "AdestoTechnologies"; VariantName = "[No Variations]"
Add component (AddParameter): Name = "Manufacturer URL"; Value = "http://www.adestotech.com/"; VariantName = "[No Variations]"
Add component (AddParameter): Name = "Maximum Clock Frequency"; Value = "85MHz"; VariantName = "[No Variations]"
Add component (AddParameter): Name = "Memory Size"; Value = "32Mbit"; VariantName = "[No Variations]"
Add component (AddParameter): Name = "Memory Type"; Value = "NOR"; VariantName = "[No Variations]"
Add component (AddParameter): Name = "Mounting Style"; Value = "SMD/SMT"; VariantName = "[No Variations]"
Add component (AddParameter): Name = "Mounting Technology"; Value = "SurfaceMount"; VariantName = "[No Variations]"
Add component (AddParameter): Name = "Operating Temperature Range"; Value = "-40Cto+85C"; VariantName = "[No Variations]"
Add component (AddParameter): Name = "Organization"; Value = "4Mx8"; VariantName = "[No Variations]"
Add component (AddParameter): Name = "Package / Case"; Value = "SOIC-8"; VariantName = "[No Variations]"
Add component (AddParameter): Name = "Package Description"; Value = "8-Pin Small Outline Integrated Circuit, Body 5.29 x 5.24 mm, Pitch 1.27 mm"; VariantName = "[No Variations]"
Add component (AddParameter): Name = "Package Reference"; Value = "S2-8"; VariantName = "[No Variations]"
Add component (AddParameter): Name = "Packaging"; Value = "Tube"; VariantName = "[No Variations]"
Add component (AddParameter): Name = "Product Category"; Value = "FlashMemory"; VariantName = "[No Variations]"
Add component (AddParameter): Name = "RoHS"; Value = "Details"; VariantName = "[No Variations]"
Add component (AddParameter): Name = "Series"; Value = "AT45DB"; VariantName = "[No Variations]"
Add component (AddParameter): Name = "Speed"; Value = "85MHz"; VariantName = "[No Variations]"
Add component (AddParameter): Name = "Supply Current - Max"; Value = "22mA"; VariantName = "[No Variations]"
Add component (AddParameter): Name = "Supply Voltage - Max"; Value = "3.6V"; VariantName = "[No Variations]"
Add component (AddParameter): Name = "Supply Voltage - Min"; Value = "2.3V"; VariantName = "[No Variations]"
Add component (AddParameter): Name = "Timing Type"; Value = "Synchronous"; VariantName = "[No Variations]"
Added Component: Designator=X1(ABRA-ABS25-4_V)
Add component (AddParameter): Name = "Brand"; Value = "ABRACON"; VariantName = "[No Variations]"
Add component (AddParameter): Name = "Case Height"; Value = "2.5mm"; VariantName = "[No Variations]"
Add component (AddParameter): Name = "Case Length"; Value = "8mm"; VariantName = "[No Variations]"
Add component (AddParameter): Name = "Case Width"; Value = "3.8mm"; VariantName = "[No Variations]"
Add component (AddParameter): Name = "Datasheet URL"; Value = "https://datasheet.ciiva.com/854/abs25-854528.pdf"; VariantName = "[No Variations]"
Add component (AddParameter): Name = "Datasheet Version"; Value = "Jun-17"; VariantName = "[No Variations]"
Add component (AddParameter): Name = "Dimensions"; Value = "3.8mmWx8mmLx2.5mmH"; VariantName = "[No Variations]"
Add component (AddParameter): Name = "ESR"; Value = "50kOhms"; VariantName = "[No Variations]"
Add component (AddParameter): Name = "Factory Pack Quantity"; Value = "3000"; VariantName = "[No Variations]"
Add component (AddParameter): Name = "Frequency"; Value = "32.768kHz"; VariantName = "[No Variations]"
Add component (AddParameter): Name = "Load Capacitance"; Value = "6pF"; VariantName = "[No Variations]"
Add component (AddParameter): Name = "Manufacturer"; Value = "Abracon"; VariantName = "[No Variations]"
Add component (AddParameter): Name = "Manufacturer URL"; Value = "http://www.abracon.com/"; VariantName = "[No Variations]"
Add component (AddParameter): Name = "Mounting Style"; Value = "SMD/SMT"; VariantName = "[No Variations]"
Add component (AddParameter): Name = "Operating Temperature Range"; Value = "-40Cto+85C"; VariantName = "[No Variations]"
Add component (AddParameter): Name = "Package / Case"; Value = "8mmx3.8mm"; VariantName = "[No Variations]"
Add component (AddParameter): Name = "Package Description"; Value = "4-Pin Surface Mount Device, Body 8 x 3.8 mm, Pitch 5.5 mm"; VariantName = "[No Variations]"
Add component (AddParameter): Name = "Package Reference"; Value = "ABS25"; VariantName = "[No Variations]"
Add component (AddParameter): Name = "Packaging"; Value = "Reel"; VariantName = "[No Variations]"
Add component (AddParameter): Name = "Product Category"; Value = "Crystals"; VariantName = "[No Variations]"
Add component (AddParameter): Name = "RoHS"; Value = "Details"; VariantName = "[No Variations]"
Add component (AddParameter): Name = "Series"; Value = "ABS25"; VariantName = "[No Variations]"
Add component (AddParameter): Name = "Termination Style"; Value = "SMD/SMT"; VariantName = "[No Variations]"
Add component (AddParameter): Name = "Tolerance"; Value = "20PPM"; VariantName = "[No Variations]"
Add component (AddParameter): Name = "Type"; Value = "LowFrequencyCrystal"; VariantName = "[No Variations]"
Added Component: Designator=X2(ABRA-ABM3B-4_V)
Add component (AddParameter): Name = "Case/Package"; Value = "5028"; VariantName = "[No Variations]"
Add component (AddParameter): Name = "ComponentLink1Description"; Value = "Manufacturer URL"; VariantName = "[No Variations]"
Add component (AddParameter): Name = "ComponentLink1URL"; Value = "http://www.abracon.com/"; VariantName = "[No Variations]"
Add component (AddParameter): Name = "ComponentLink2Description"; Value = "Datasheet"; VariantName = "[No Variations]"
Add component (AddParameter): Name = "ComponentLink2URL"; Value = "http://www.abracon.com/Resonators/abm3b.pdf"; VariantName = "[No Variations]"
Add component (AddParameter): Name = "Current Rating"; Value = "1.82 A"; VariantName = "[No Variations]"
Add component (AddParameter): Name = "DatasheetVersion"; Value = "Aug-15"; VariantName = "[No Variations]"
Add component (AddParameter): Name = "Height"; Value = "2.8 mm"; VariantName = "[No Variations]"
Add component (AddParameter): Name = "Length"; Value = "0.197 inch"; VariantName = "[No Variations]"
Add component (AddParameter): Name = "Max Operating Temperature"; Value = "105degC"; VariantName = "[No Variations]"
Add component (AddParameter): Name = "Min Operating Temperature"; Value = "-40degC"; VariantName = "[No Variations]"
Add component (AddParameter): Name = "Mount"; Value = "Surface Mount"; VariantName = "[No Variations]"
Add component (AddParameter): Name = "Package Quantity"; Value = "500"; VariantName = "[No Variations]"
Add component (AddParameter): Name = "PackageDescription"; Value = "4-Pin Surface Mount Device, Body 5 x 3.2 mm"; VariantName = "[No Variations]"
Add component (AddParameter): Name = "PackageReference"; Value = "ABM3B"; VariantName = "[No Variations]"
Add component (AddParameter): Name = "Packaging"; Value = "Tape and Reel"; VariantName = "[No Variations]"
Add component (AddParameter): Name = "REACH SVHC"; Value = "Unknown"; VariantName = "[No Variations]"
Add component (AddParameter): Name = "Resistance"; Value = "0.033 Ohm"; VariantName = "[No Variations]"
Add component (AddParameter): Name = "RoHSCompliant"; Value = "True"; VariantName = "[No Variations]"
Add component (AddParameter): Name = "Shielding"; Value = "Shielded"; VariantName = "[No Variations]"
Add component (AddParameter): Name = "Tolerance"; Value = "30%"; VariantName = "[No Variations]"
Add component (AddParameter): Name = "Width"; Value = "0.197 inch"; VariantName = "[No Variations]"
Added Pin To Net: NetName=1v8 Pin=C2-2
Added Pin To Net: NetName=1v8 Pin=C7-2
Added Pin To Net: NetName=1v8 Pin=C8-2
Added Pin To Net: NetName=1v8 Pin=C9-2
Added Pin To Net: NetName=1v8 Pin=C10-2
Added Pin To Net: NetName=1v8 Pin=C11-2
Added Pin To Net: NetName=1v8 Pin=C12-2
Added Pin To Net: NetName=1v8 Pin=C13-2
Added Pin To Net: NetName=1v8 Pin=C14-2
Added Pin To Net: NetName=1v8 Pin=C15-2
Added Pin To Net: NetName=1v8 Pin=C16-2
Added Pin To Net: NetName=1v8 Pin=C17-2
Added Pin To Net: NetName=1v8 Pin=C18-2
Added Pin To Net: NetName=1v8 Pin=C19-2
Added Pin To Net: NetName=1v8 Pin=C20-2
Added Pin To Net: NetName=1v8 Pin=C21-2
Added Pin To Net: NetName=1v8 Pin=C22-2
Added Pin To Net: NetName=1v8 Pin=C34-1
Added Pin To Net: NetName=1v8 Pin=C51-1
Added Pin To Net: NetName=1v8 Pin=C52-1
Added Pin To Net: NetName=1v8 Pin=C53-1
Added Pin To Net: NetName=1v8 Pin=R1-2
Added Pin To Net: NetName=1v8 Pin=R2-2
Added Pin To Net: NetName=1v8 Pin=U1-A1
Added Pin To Net: NetName=1v8 Pin=U1-A9
Added Pin To Net: NetName=1v8 Pin=U1-C1
Added Pin To Net: NetName=1v8 Pin=U1-C3
Added Pin To Net: NetName=1v8 Pin=U1-C7
Added Pin To Net: NetName=1v8 Pin=U1-C9
Added Pin To Net: NetName=1v8 Pin=U1-E1
Added Pin To Net: NetName=1v8 Pin=U1-E9
Added Pin To Net: NetName=1v8 Pin=U1-G1
Added Pin To Net: NetName=1v8 Pin=U1-G3
Added Pin To Net: NetName=1v8 Pin=U1-G7
Added Pin To Net: NetName=1v8 Pin=U1-G9
Added Pin To Net: NetName=1v8 Pin=U1-J1
Added Pin To Net: NetName=1v8 Pin=U1-J9
Added Pin To Net: NetName=1v8 Pin=U1-M9
Added Pin To Net: NetName=1v8 Pin=U1-R1
Added Pin To Net: NetName=1v8 Pin=U2-H8
Added Pin To Net: NetName=1v8 Pin=U2-H9
Added Pin To Net: NetName=1v8 Pin=U2-H10
Added Pin To Net: NetName=1v8 Pin=U4-5
Added Net: Name=1v8
Added Pin To Net: NetName=1v Pin=C37-1
Added Pin To Net: NetName=1v Pin=C38-1
Added Pin To Net: NetName=1v Pin=C39-1
Added Pin To Net: NetName=1v Pin=C40-1
Added Pin To Net: NetName=1v Pin=C41-1
Added Pin To Net: NetName=1v Pin=U2-C8
Added Pin To Net: NetName=1v Pin=U2-G15
Added Pin To Net: NetName=1v Pin=U2-J4
Added Pin To Net: NetName=1v Pin=U2-P10
Added Pin To Net: NetName=1v Pin=U5-5
Added Net: Name=1v
Added Pin To Net: NetName=3v3 Pin=C27-2
Added Pin To Net: NetName=3v3 Pin=C32-1
Added Pin To Net: NetName=3v3 Pin=C33-1
Added Pin To Net: NetName=3v3 Pin=C36-1
Added Pin To Net: NetName=3v3 Pin=C42-1
Added Pin To Net: NetName=3v3 Pin=C43-1
Added Pin To Net: NetName=3v3 Pin=C44-1
Added Pin To Net: NetName=3v3 Pin=C45-1
Added Pin To Net: NetName=3v3 Pin=C46-1
Added Pin To Net: NetName=3v3 Pin=C47-1
Added Pin To Net: NetName=3v3 Pin=C48-1
Added Pin To Net: NetName=3v3 Pin=C49-1
Added Pin To Net: NetName=3v3 Pin=C50-1
Added Pin To Net: NetName=3v3 Pin=C54-1
Added Pin To Net: NetName=3v3 Pin=C57-1
Added Pin To Net: NetName=3v3 Pin=L1-2
Added Pin To Net: NetName=3v3 Pin=L2-1
Added Pin To Net: NetName=3v3 Pin=L3-1
Added Pin To Net: NetName=3v3 Pin=R4-1
Added Pin To Net: NetName=3v3 Pin=R5-1
Added Pin To Net: NetName=3v3 Pin=R9-1
Added Pin To Net: NetName=3v3 Pin=R10-2
Added Pin To Net: NetName=3v3 Pin=R11-2
Added Pin To Net: NetName=3v3 Pin=U2-A2
Added Pin To Net: NetName=3v3 Pin=U2-C4
Added Pin To Net: NetName=3v3 Pin=U2-D6
Added Pin To Net: NetName=3v3 Pin=U2-J14
Added Pin To Net: NetName=3v3 Pin=U2-K14
Added Pin To Net: NetName=3v3 Pin=U2-L3
Added Pin To Net: NetName=3v3 Pin=U2-L4
Added Pin To Net: NetName=3v3 Pin=U2-L14
Added Pin To Net: NetName=3v3 Pin=U2-N16
Added Pin To Net: NetName=3v3 Pin=U2-P9
Added Pin To Net: NetName=3v3 Pin=U2-P12
Added Pin To Net: NetName=3v3 Pin=U2-R15
Added Pin To Net: NetName=3v3 Pin=U2-U15
Added Pin To Net: NetName=3v3 Pin=U3-14
Added Pin To Net: NetName=3v3 Pin=U4-1
Added Pin To Net: NetName=3v3 Pin=U4-3
Added Pin To Net: NetName=3v3 Pin=U5-1
Added Pin To Net: NetName=3v3 Pin=U5-3
Added Pin To Net: NetName=3v3 Pin=U6-5
Added Pin To Net: NetName=3v3 Pin=U7-12
Added Pin To Net: NetName=3v3 Pin=U7-34
Added Pin To Net: NetName=3v3 Pin=U7-37
Added Pin To Net: NetName=3v3 Pin=U7-39
Added Pin To Net: NetName=3v3 Pin=U8-5
Added Pin To Net: NetName=3v3 Pin=U8-6
Added Net: Name=3v3
Added Pin To Net: NetName=5v Pin=C1-2
Added Pin To Net: NetName=5v Pin=C3-2
Added Pin To Net: NetName=5v Pin=C26-2
Added Pin To Net: NetName=5v Pin=J1-1
Added Pin To Net: NetName=5v Pin=J2-1
Added Pin To Net: NetName=5v Pin=U3-10
Added Pin To Net: NetName=5v Pin=U3-11
Added Pin To Net: NetName=5v Pin=U3-12
Added Pin To Net: NetName=5v Pin=U3-13
Added Net: Name=5v
Added Pin To Net: NetName=ADD0 Pin=U2-D17
Added Net: Name=ADD0
Added Pin To Net: NetName=ADD1 Pin=U2-C17
Added Net: Name=ADD1
Added Pin To Net: NetName=ADD2 Pin=U1-M8
Added Pin To Net: NetName=ADD2 Pin=U2-F16
Added Net: Name=ADD2
Added Pin To Net: NetName=ADD3 Pin=U1-M3
Added Pin To Net: NetName=ADD3 Pin=U2-B17
Added Net: Name=ADD3
Added Pin To Net: NetName=ADD4 Pin=U1-M7
Added Pin To Net: NetName=ADD4 Pin=U2-A17
Added Net: Name=ADD4
Added Pin To Net: NetName=ADD5 Pin=U1-N2
Added Pin To Net: NetName=ADD5 Pin=U2-F15
Added Net: Name=ADD5
Added Pin To Net: NetName=ADD6 Pin=U1-N8
Added Pin To Net: NetName=ADD6 Pin=U2-E16
Added Net: Name=ADD6
Added Pin To Net: NetName=ADD7 Pin=U1-N3
Added Pin To Net: NetName=ADD7 Pin=U2-D16
Added Net: Name=ADD7
Added Pin To Net: NetName=ADD8 Pin=U1-N7
Added Pin To Net: NetName=ADD8 Pin=U2-E15
Added Net: Name=ADD8
Added Pin To Net: NetName=ADD9 Pin=U1-P2
Added Pin To Net: NetName=ADD9 Pin=U2-G14
Added Net: Name=ADD9
Added Pin To Net: NetName=ADD10 Pin=U1-P8
Added Pin To Net: NetName=ADD10 Pin=U2-C16
Added Net: Name=ADD10
Added Pin To Net: NetName=ADD11 Pin=U1-P3
Added Pin To Net: NetName=ADD11 Pin=U2-F14
Added Net: Name=ADD11
Added Pin To Net: NetName=ADD12 Pin=U2-B16
Added Net: Name=ADD12
Added Pin To Net: NetName=ADD13 Pin=U1-P7
Added Pin To Net: NetName=ADD13 Pin=U2-A16
Added Net: Name=ADD13
Added Pin To Net: NetName=ADD14 Pin=U1-R2
Added Pin To Net: NetName=ADD14 Pin=U2-C15
Added Net: Name=ADD14
Added Pin To Net: NetName=ADD15 Pin=U2-D15
Added Net: Name=ADD15
Added Pin To Net: NetName=ADD16 Pin=U1-L2
Added Pin To Net: NetName=ADD16 Pin=U2-B15
Added Net: Name=ADD16
Added Pin To Net: NetName=ADD17 Pin=U1-L3
Added Pin To Net: NetName=ADD17 Pin=U2-E14
Added Net: Name=ADD17
Added Pin To Net: NetName=ADD18 Pin=U2-A15
Added Net: Name=ADD18
Added Pin To Net: NetName=ADD19 Pin=U2-D14
Added Net: Name=ADD19
Added Pin To Net: NetName=CAS Pin=U1-L7
Added Pin To Net: NetName=CAS Pin=U2-D9
Added Net: Name=CAS
Added Pin To Net: NetName=CLK0 Pin=U2-U5
Added Pin To Net: NetName=CLK0 Pin=U8-2
Added Net: Name=CLK0
Added Pin To Net: NetName=CLK_N Pin=U1-K8
Added Pin To Net: NetName=CLK_N Pin=U2-A9
Added Net: Name=CLK_N
Added Pin To Net: NetName=CLK_P Pin=U1-J8
Added Pin To Net: NetName=CLK_P Pin=U2-A10
Added Net: Name=CLK_P
Added Pin To Net: NetName=CLKE Pin=U1-K2
Added Pin To Net: NetName=CLKE Pin=U2-D10
Added Net: Name=CLKE
Added Pin To Net: NetName=DAT0 Pin=U1-G8
Added Pin To Net: NetName=DAT0 Pin=U2-B14
Added Net: Name=DAT0
Added Pin To Net: NetName=DAT1 Pin=U1-G2
Added Pin To Net: NetName=DAT1 Pin=U2-A14
Added Net: Name=DAT1
Added Pin To Net: NetName=DAT2 Pin=U1-H7
Added Pin To Net: NetName=DAT2 Pin=U2-C14
Added Net: Name=DAT2
Added Pin To Net: NetName=DAT3 Pin=U1-H3
Added Pin To Net: NetName=DAT3 Pin=U2-D13
Added Net: Name=DAT3
Added Pin To Net: NetName=DAT4 Pin=U1-H1
Added Pin To Net: NetName=DAT4 Pin=U2-C13
Added Net: Name=DAT4
Added Pin To Net: NetName=DAT5 Pin=U1-H9
Added Pin To Net: NetName=DAT5 Pin=U2-B13
Added Net: Name=DAT5
Added Pin To Net: NetName=DAT6 Pin=U1-F1
Added Pin To Net: NetName=DAT6 Pin=U2-A13
Added Net: Name=DAT6
Added Pin To Net: NetName=DAT7 Pin=U1-F9
Added Pin To Net: NetName=DAT7 Pin=U2-C12
Added Net: Name=DAT7
Added Pin To Net: NetName=DAT8 Pin=U1-C8
Added Pin To Net: NetName=DAT8 Pin=U2-D12
Added Net: Name=DAT8
Added Pin To Net: NetName=DAT9 Pin=U1-C2
Added Pin To Net: NetName=DAT9 Pin=U2-B12
Added Net: Name=DAT9
Added Pin To Net: NetName=DAT10 Pin=U1-D7
Added Pin To Net: NetName=DAT10 Pin=U2-C11
Added Net: Name=DAT10
Added Pin To Net: NetName=DAT11 Pin=U1-D3
Added Pin To Net: NetName=DAT11 Pin=U2-D11
Added Net: Name=DAT11
Added Pin To Net: NetName=DAT12 Pin=U1-D1
Added Pin To Net: NetName=DAT12 Pin=U2-A12
Added Net: Name=DAT12
Added Pin To Net: NetName=DAT13 Pin=U1-D9
Added Pin To Net: NetName=DAT13 Pin=U2-B11
Added Net: Name=DAT13
Added Pin To Net: NetName=DAT14 Pin=U1-B1
Added Pin To Net: NetName=DAT14 Pin=U2-A11
Added Net: Name=DAT14
Added Pin To Net: NetName=DAT15 Pin=U1-B9
Added Pin To Net: NetName=DAT15 Pin=U2-C10
Added Net: Name=DAT15
Added Pin To Net: NetName=DQM0 Pin=U1-F3
Added Pin To Net: NetName=DQM0 Pin=U2-C9
Added Net: Name=DQM0
Added Pin To Net: NetName=DQM1 Pin=U1-B3
Added Pin To Net: NetName=DQM1 Pin=U2-A8
Added Net: Name=DQM1
Added Pin To Net: NetName=DQS0 Pin=U1-E8
Added Pin To Net: NetName=DQS0 Pin=U2-B8
Added Net: Name=DQS0
Added Pin To Net: NetName=DQS1 Pin=U1-A8
Added Pin To Net: NetName=DQS1 Pin=U2-A7
Added Net: Name=DQS1
Added Pin To Net: NetName=DRXD Pin=P1-1
Added Pin To Net: NetName=DRXD Pin=U2-R5
Added Net: Name=DRXD
Added Pin To Net: NetName=DTXD Pin=P1-2
Added Pin To Net: NetName=DTXD Pin=U2-R6
Added Net: Name=DTXD
Added Pin To Net: NetName=GND Pin=C1-1
Added Pin To Net: NetName=GND Pin=C3-1
Added Pin To Net: NetName=GND Pin=C4-1
Added Pin To Net: NetName=GND Pin=C5-1
Added Pin To Net: NetName=GND Pin=C6-1
Added Pin To Net: NetName=GND Pin=C7-1
Added Pin To Net: NetName=GND Pin=C8-1
Added Pin To Net: NetName=GND Pin=C9-1
Added Pin To Net: NetName=GND Pin=C10-1
Added Pin To Net: NetName=GND Pin=C11-1
Added Pin To Net: NetName=GND Pin=C12-1
Added Pin To Net: NetName=GND Pin=C13-1
Added Pin To Net: NetName=GND Pin=C14-1
Added Pin To Net: NetName=GND Pin=C15-1
Added Pin To Net: NetName=GND Pin=C16-1
Added Pin To Net: NetName=GND Pin=C17-1
Added Pin To Net: NetName=GND Pin=C18-1
Added Pin To Net: NetName=GND Pin=C19-1
Added Pin To Net: NetName=GND Pin=C20-1
Added Pin To Net: NetName=GND Pin=C21-1
Added Pin To Net: NetName=GND Pin=C22-1
Added Pin To Net: NetName=GND Pin=C23-1
Added Pin To Net: NetName=GND Pin=C24-1
Added Pin To Net: NetName=GND Pin=C25-1
Added Pin To Net: NetName=GND Pin=C26-1
Added Pin To Net: NetName=GND Pin=C27-1
Added Pin To Net: NetName=GND Pin=C28-2
Added Pin To Net: NetName=GND Pin=C29-2
Added Pin To Net: NetName=GND Pin=C30-1
Added Pin To Net: NetName=GND Pin=C31-2
Added Pin To Net: NetName=GND Pin=C32-2
Added Pin To Net: NetName=GND Pin=C33-2
Added Pin To Net: NetName=GND Pin=C34-2
Added Pin To Net: NetName=GND Pin=C35-1
Added Pin To Net: NetName=GND Pin=C36-2
Added Pin To Net: NetName=GND Pin=C37-2
Added Pin To Net: NetName=GND Pin=C38-2
Added Pin To Net: NetName=GND Pin=C39-2
Added Pin To Net: NetName=GND Pin=C40-2
Added Pin To Net: NetName=GND Pin=C41-2
Added Pin To Net: NetName=GND Pin=C42-2
Added Pin To Net: NetName=GND Pin=C43-2
Added Pin To Net: NetName=GND Pin=C44-2
Added Pin To Net: NetName=GND Pin=C45-2
Added Pin To Net: NetName=GND Pin=C46-2
Added Pin To Net: NetName=GND Pin=C47-2
Added Pin To Net: NetName=GND Pin=C48-2
Added Pin To Net: NetName=GND Pin=C49-2
Added Pin To Net: NetName=GND Pin=C50-2
Added Pin To Net: NetName=GND Pin=C51-2
Added Pin To Net: NetName=GND Pin=C52-2
Added Pin To Net: NetName=GND Pin=C53-2
Added Pin To Net: NetName=GND Pin=C54-2
Added Pin To Net: NetName=GND Pin=C55-2
Added Pin To Net: NetName=GND Pin=C56-2
Added Pin To Net: NetName=GND Pin=C57-2
Added Pin To Net: NetName=GND Pin=J1-5
Added Pin To Net: NetName=GND Pin=J1-6
Added Pin To Net: NetName=GND Pin=J1-7
Added Pin To Net: NetName=GND Pin=J1-8
Added Pin To Net: NetName=GND Pin=J1-9
Added Pin To Net: NetName=GND Pin=J2-4
Added Pin To Net: NetName=GND Pin=J2-5
Added Pin To Net: NetName=GND Pin=J2-6
Added Pin To Net: NetName=GND Pin=R3-1
Added Pin To Net: NetName=GND Pin=R6-2
Added Pin To Net: NetName=GND Pin=SW1-4
Added Pin To Net: NetName=GND Pin=U1-A3
Added Pin To Net: NetName=GND Pin=U1-A7
Added Pin To Net: NetName=GND Pin=U1-B2
Added Pin To Net: NetName=GND Pin=U1-B8
Added Pin To Net: NetName=GND Pin=U1-D2
Added Pin To Net: NetName=GND Pin=U1-D8
Added Pin To Net: NetName=GND Pin=U1-E3
Added Pin To Net: NetName=GND Pin=U1-E7
Added Pin To Net: NetName=GND Pin=U1-F2
Added Pin To Net: NetName=GND Pin=U1-F8
Added Pin To Net: NetName=GND Pin=U1-H2
Added Pin To Net: NetName=GND Pin=U1-H8
Added Pin To Net: NetName=GND Pin=U1-J3
Added Pin To Net: NetName=GND Pin=U1-J7
Added Pin To Net: NetName=GND Pin=U1-K9
Added Pin To Net: NetName=GND Pin=U1-N1
Added Pin To Net: NetName=GND Pin=U1-P9
Added Pin To Net: NetName=GND Pin=U2-B2
Added Pin To Net: NetName=GND Pin=U2-B3
Added Pin To Net: NetName=GND Pin=U2-D5
Added Pin To Net: NetName=GND Pin=U2-D8
Added Pin To Net: NetName=GND Pin=U2-H14
Added Pin To Net: NetName=GND Pin=U2-J8
Added Pin To Net: NetName=GND Pin=U2-J9
Added Pin To Net: NetName=GND Pin=U2-J10
Added Pin To Net: NetName=GND Pin=U2-K8
Added Pin To Net: NetName=GND Pin=U2-K9
Added Pin To Net: NetName=GND Pin=U2-K10
Added Pin To Net: NetName=GND Pin=U2-M16
Added Pin To Net: NetName=GND Pin=U2-P6
Added Pin To Net: NetName=GND Pin=U2-P7
Added Pin To Net: NetName=GND Pin=U2-P11
Added Pin To Net: NetName=GND Pin=U2-P13
Added Pin To Net: NetName=GND Pin=U2-P14
Added Pin To Net: NetName=GND Pin=U2-T17
Added Pin To Net: NetName=GND Pin=U3-6
Added Pin To Net: NetName=GND Pin=U3-7
Added Pin To Net: NetName=GND Pin=U3-8
Added Pin To Net: NetName=GND Pin=U3-15
Added Pin To Net: NetName=GND Pin=U3-16
Added Pin To Net: NetName=GND Pin=U3-17
Added Pin To Net: NetName=GND Pin=U3-17
Added Pin To Net: NetName=GND Pin=U4-2
Added Pin To Net: NetName=GND Pin=U5-2
Added Pin To Net: NetName=GND Pin=U6-2
Added Pin To Net: NetName=GND Pin=U7-13
Added Pin To Net: NetName=GND Pin=U7-36
Added Pin To Net: NetName=GND Pin=U7-48
Added Pin To Net: NetName=GND Pin=U8-7
Added Pin To Net: NetName=GND Pin=X1-2
Added Pin To Net: NetName=GND Pin=X1-3
Added Pin To Net: NetName=GND Pin=X2-2
Added Pin To Net: NetName=GND Pin=X2-4
Added Net: Name=GND
Added Pin To Net: NetName=MISO0 Pin=U2-T5
Added Pin To Net: NetName=MISO0 Pin=U8-8
Added Net: Name=MISO0
Added Pin To Net: NetName=MOSI0 Pin=U2-T6
Added Pin To Net: NetName=MOSI0 Pin=U8-1
Added Net: Name=MOSI0
Added Pin To Net: NetName=NANDALE Pin=U2-M15
Added Pin To Net: NetName=NANDALE Pin=U7-17
Added Net: Name=NANDALE
Added Pin To Net: NetName=NANDCLE Pin=U2-M14
Added Pin To Net: NetName=NANDCLE Pin=U7-16
Added Net: Name=NANDCLE
Added Pin To Net: NetName=NANDCS Pin=U2-P16
Added Pin To Net: NetName=NANDCS Pin=U7-9
Added Net: Name=NANDCS
Added Pin To Net: NetName=NANDOE Pin=U2-P15
Added Pin To Net: NetName=NANDOE Pin=U7-8
Added Net: Name=NANDOE
Added Pin To Net: NetName=NANDWE Pin=U2-N14
Added Pin To Net: NetName=NANDWE Pin=U7-18
Added Net: Name=NANDWE
Added Pin To Net: NetName=NCS1 Pin=U1-L8
Added Pin To Net: NetName=NCS1 Pin=U2-C5
Added Net: Name=NCS1
Added Pin To Net: NetName=ND0 Pin=U2-L15
Added Pin To Net: NetName=ND0 Pin=U7-29
Added Net: Name=ND0
Added Pin To Net: NetName=ND1 Pin=U2-L16
Added Pin To Net: NetName=ND1 Pin=U7-30
Added Net: Name=ND1
Added Pin To Net: NetName=ND2 Pin=U2-L17
Added Pin To Net: NetName=ND2 Pin=U7-31
Added Net: Name=ND2
Added Pin To Net: NetName=ND3 Pin=U2-K17
Added Pin To Net: NetName=ND3 Pin=U7-32
Added Net: Name=ND3
Added Pin To Net: NetName=ND4 Pin=U2-K16
Added Pin To Net: NetName=ND4 Pin=U7-41
Added Net: Name=ND4
Added Pin To Net: NetName=ND5 Pin=U2-K15
Added Pin To Net: NetName=ND5 Pin=U7-42
Added Net: Name=ND5
Added Pin To Net: NetName=ND6 Pin=U2-J17
Added Pin To Net: NetName=ND6 Pin=U7-43
Added Net: Name=ND6
Added Pin To Net: NetName=ND7 Pin=U2-J16
Added Pin To Net: NetName=ND7 Pin=U7-44
Added Net: Name=ND7
Added Pin To Net: NetName=NetC4_2 Pin=C4-2
Added Pin To Net: NetName=NetC4_2 Pin=R1-1
Added Net: Name=NetC4_2
Added Pin To Net: NetName=NetC28_1 Pin=C28-1
Added Pin To Net: NetName=NetC28_1 Pin=U3-9
Added Net: Name=NetC28_1
Added Pin To Net: NetName=NetC30_2 Pin=C30-2
Added Pin To Net: NetName=NetC30_2 Pin=R7-1
Added Net: Name=NetC30_2
Added Pin To Net: NetName=NetC35_2 Pin=C35-2
Added Pin To Net: NetName=NetC35_2 Pin=R8-1
Added Net: Name=NetC35_2
Added Pin To Net: NetName=NetC56_1 Pin=C56-1
Added Pin To Net: NetName=NetC56_1 Pin=R9-2
Added Pin To Net: NetName=NetC56_1 Pin=SW1-1
Added Pin To Net: NetName=NetC56_1 Pin=U6-3
Added Net: Name=NetC56_1
Added Pin To Net: NetName=NetL1_1 Pin=L1-1
Added Pin To Net: NetName=NetL1_1 Pin=U3-1
Added Pin To Net: NetName=NetL1_1 Pin=U3-2
Added Pin To Net: NetName=NetL1_1 Pin=U3-3
Added Net: Name=NetL1_1
Added Pin To Net: NetName=NetR4_2 Pin=R4-2
Added Pin To Net: NetName=NetR4_2 Pin=U3-4
Added Net: Name=NetR4_2
Added Pin To Net: NetName=NetR5_2 Pin=R5-2
Added Pin To Net: NetName=NetR5_2 Pin=R6-1
Added Pin To Net: NetName=NetR5_2 Pin=U3-5
Added Net: Name=NetR5_2
Added Pin To Net: NetName=NetR10_1 Pin=R10-1
Added Pin To Net: NetName=NetR10_1 Pin=U7-19
Added Net: Name=NetR10_1
Added Pin To Net: NetName=NPCS0 Pin=R11-1
Added Pin To Net: NetName=NPCS0 Pin=U2-U7
Added Pin To Net: NetName=NPCS0 Pin=U8-4
Added Net: Name=NPCS0
Added Pin To Net: NetName=NWAIT Pin=U2-M17
Added Pin To Net: NetName=NWAIT Pin=U7-7
Added Net: Name=NWAIT
Added Pin To Net: NetName=RAS Pin=U1-K7
Added Pin To Net: NetName=RAS Pin=U2-B9
Added Net: Name=RAS
Added Pin To Net: NetName=RESET Pin=C55-1
Added Pin To Net: NetName=RESET Pin=U2-R13
Added Pin To Net: NetName=RESET Pin=U2-T15
Added Pin To Net: NetName=RESET Pin=U6-1
Added Pin To Net: NetName=RESET Pin=U8-3
Added Net: Name=RESET
Added Pin To Net: NetName=SDA10 Pin=U1-M2
Added Pin To Net: NetName=SDA10 Pin=U2-B6
Added Net: Name=SDA10
Added Pin To Net: NetName=SDWE Pin=U1-K3
Added Pin To Net: NetName=SDWE Pin=U2-B10
Added Net: Name=SDWE
Added Pin To Net: NetName=USBD_N Pin=J1-2
Added Pin To Net: NetName=USBD_N Pin=U2-R16
Added Net: Name=USBD_N
Added Pin To Net: NetName=USBD_P Pin=J1-3
Added Pin To Net: NetName=USBD_P Pin=U2-R17
Added Net: Name=USBD_P
Added Pin To Net: NetName=USBH_N Pin=J2-2
Added Pin To Net: NetName=USBH_N Pin=U2-N17
Added Net: Name=USBH_N
Added Pin To Net: NetName=USBH_P Pin=J2-3
Added Pin To Net: NetName=USBH_P Pin=U2-P17
Added Net: Name=USBH_P
Added Pin To Net: NetName=VDD_OSC Pin=C29-1
Added Pin To Net: NetName=VDD_OSC Pin=L2-2
Added Pin To Net: NetName=VDD_OSC Pin=R7-2
Added Pin To Net: NetName=VDD_OSC Pin=U2-R14
Added Net: Name=VDD_OSC
Added Pin To Net: NetName=VDDPLL Pin=C31-1
Added Pin To Net: NetName=VDDPLL Pin=L3-2
Added Pin To Net: NetName=VDDPLL Pin=R8-2
Added Pin To Net: NetName=VDDPLL Pin=U2-T16
Added Net: Name=VDDPLL
Added Pin To Net: NetName=VDDREF Pin=C2-1
Added Pin To Net: NetName=VDDREF Pin=C5-2
Added Pin To Net: NetName=VDDREF Pin=R2-1
Added Pin To Net: NetName=VDDREF Pin=R3-2
Added Pin To Net: NetName=VDDREF Pin=U1-J2
Added Net: Name=VDDREF
Added Pin To Net: NetName=XIN32 Pin=C6-2
Added Pin To Net: NetName=XIN32 Pin=U2-A4
Added Pin To Net: NetName=XIN32 Pin=X1-1
Added Net: Name=XIN32
Added Pin To Net: NetName=XIN Pin=C25-2
Added Pin To Net: NetName=XIN Pin=U2-U17
Added Pin To Net: NetName=XIN Pin=X2-3
Added Net: Name=XIN
Added Pin To Net: NetName=XOUT32 Pin=C23-2
Added Pin To Net: NetName=XOUT32 Pin=U2-A3
Added Pin To Net: NetName=XOUT32 Pin=X1-4
Added Net: Name=XOUT32
Added Pin To Net: NetName=XOUT Pin=C24-2
Added Pin To Net: NetName=XOUT Pin=U2-U16
Added Pin To Net: NetName=XOUT Pin=X2-1
Added Net: Name=XOUT
Added Class: Name=NAND + FLASH
Added Class: Name=Power & Reset
Added Class: Name=Sheet1
Added Class: Name=ADD[19..0]
Added Class: Name=DAT[15..0]
Added Class: Name=DDR_ADDR_CLASS
Added Class: Name=DDR_DAT0_CLASS
Added Class: Name=DDR_DATA1_CLASS
Added Class: Name=VCC_1V8
Added Class: Name=VCC_1V
Added Class: Name=VCC_3V3
Added Room: Name=NAND + FLASH
Added Room: Name=Power & Reset
Added Room: Name=Sheet1
Added Rule: Name=Schematic Matched Net Lengths
Added Rule: Name=Schematic Matched Net Lengths_1
Added Rule: Name=Schematic Matched Net Lengths_2
Added Rule: Name=Schematic Width Constraint
Added Rule: Name=Schematic Width Constraint_1
Added Rule: Name=Schematic Width Constraint_2
Added Rule: Name=Schematic Width Constraint_3
Added Rule: Name=Schematic Width Constraint_4
Added Rule: Name=Schematic Width Constraint_5
Added Rule: Name=Schematic Width Constraint_6
